0 info it worked if it ends with ok
1 verbose cli [ 'node', '/usr/local/bin/npm', 'run-script', 'pro' ]
2 info using npm@2.11.2
3 info using node@v0.12.5
4 verbose node symlink /usr/local/bin/node
5 verbose run-script [ 'prepro', 'pro', 'postpro' ]
6 info prepro github_profiles_v1@1.0.0
7 info pro github_profiles_v1@1.0.0
8 verbose unsafe-perm in lifecycle true
9 info github_profiles_v1@1.0.0 Failed to exec pro script
10 verbose stack Error: github_profiles_v1@1.0.0 pro: `protractor test/e2e/conf.js`
10 verbose stack Exit status 100
10 verbose stack     at EventEmitter.<anonymous> (/usr/local/lib/node_modules/npm/lib/utils/lifecycle.js:213:16)
10 verbose stack     at EventEmitter.emit (events.js:110:17)
10 verbose stack     at ChildProcess.<anonymous> (/usr/local/lib/node_modules/npm/lib/utils/spawn.js:24:14)
10 verbose stack     at ChildProcess.emit (events.js:110:17)
10 verbose stack     at maybeClose (child_process.js:1015:16)
10 verbose stack     at Process.ChildProcess._handle.onexit (child_process.js:1087:5)
11 verbose pkgid github_profiles_v1@1.0.0
12 verbose cwd /Users/joshuatatterton/Projects/MakersAcademy/github_profiles_v1
13 error Darwin 14.3.0
14 error argv "node" "/usr/local/bin/npm" "run-script" "pro"
15 error node v0.12.5
16 error npm  v2.11.2
17 error code ELIFECYCLE
18 error github_profiles_v1@1.0.0 pro: `protractor test/e2e/conf.js`
18 error Exit status 100
19 error Failed at the github_profiles_v1@1.0.0 pro script 'protractor test/e2e/conf.js'.
19 error This is most likely a problem with the github_profiles_v1 package,
19 error not with npm itself.
19 error Tell the author that this fails on your system:
19 error     protractor test/e2e/conf.js
19 error You can get their info via:
19 error     npm owner ls github_profiles_v1
19 error There is likely additional logging output above.
20 verbose exit [ 1, true ]
